# JRE version: OpenJDK Runtime Environment (15.0.2+7) (build 15.0.2+7-27)
# Java VM: OpenJDK 64-Bit Server VM (15.0.2+7-27, mixed mode, tiered, compressed oops, g1 gc, windows-amd64)
GC Precious Log:
 CPUs: 4 total, 4 available
 Memory: 3504M
 Large Page Support: Disabled
 NUMA Support: Disabled
 Compressed Oops: Enabled (32-bit)
 Heap Region Size: 1M
 Heap Min Capacity: 8M
 Heap Initial Capacity: 56M
 Heap Max Capacity: 878M
 Pre-touch: Disabled
 Parallel Workers: 4
 Concurrent Workers: 1
 Concurrent Refinement Workers: 4
 Periodic GC: Disabled
Heap:
 garbage-first heap   total 61440K, used 19746K [0x00000000c9200000, 0x0000000100000000)
  region size 1024K, 4 young (4096K), 4 survivors (4096K)
 Metaspace       used 46048K, capacity 46448K, committed 46584K, reserved 1097728K
  class space    used 5865K, capacity 5992K, committed 6016K, reserved 1048576K
GC Heap History (20 events):
Event: 3.733 GC heap before
{Heap before GC invocations=5 (full 0):
 garbage-first heap   total 37888K, used 36212K [0x00000000c9200000, 0x0000000100000000)
  region size 1024K, 29 young (29696K), 2 survivors (2048K)
 Metaspace       used 26335K, capacity 26683K, committed 26880K, reserved 1073152K
  class space    used 3195K, capacity 3305K, committed 3328K, reserved 1048576K
}
Event: 3.742 GC heap after
{Heap after GC invocations=6 (full 0):
 garbage-first heap   total 41984K, used 11163K [0x00000000c9200000, 0x0000000100000000)
  region size 1024K, 4 young (4096K), 4 survivors (4096K)
 Metaspace       used 26335K, capacity 26683K, committed 26880K, reserved 1073152K
  class space    used 3195K, capacity 3305K, committed 3328K, reserved 1048576K
}
Event: 3.761 GC heap before
{Heap before GC invocations=6 (full 0):
 garbage-first heap   total 41984K, used 26523K [0x00000000c9200000, 0x0000000100000000)
  region size 1024K, 20 young (20480K), 4 survivors (4096K)
 Metaspace       used 26512K, capacity 26811K, committed 26880K, reserved 1073152K
  class space    used 3208K, capacity 3305K, committed 3328K, reserved 1048576K
}
Event: 3.767 GC heap after
{Heap after GC invocations=7 (full 0):
 garbage-first heap   total 51200K, used 11598K [0x00000000c9200000, 0x0000000100000000)
  region size 1024K, 1 young (1024K), 1 survivors (1024K)
 Metaspace       used 26512K, capacity 26811K, committed 26880K, reserved 1073152K
  class space    used 3208K, capacity 3305K, committed 3328K, reserved 1048576K
}
Event: 3.856 GC heap before
{Heap before GC invocations=8 (full 0):
 garbage-first heap   total 51200K, used 35150K [0x00000000c9200000, 0x0000000100000000)
  region size 1024K, 25 young (25600K), 1 survivors (1024K)
 Metaspace       used 27861K, capacity 28155K, committed 28288K, reserved 1075200K
  class space    used 3325K, capacity 3433K, committed 3456K, reserved 1048576K
}
Event: 3.857 GC heap after
{Heap after GC invocations=9 (full 0):
 garbage-first heap   total 51200K, used 11322K [0x00000000c9200000, 0x0000000100000000)
  region size 1024K, 1 young (1024K), 1 survivors (1024K)
 Metaspace       used 27861K, capacity 28155K, committed 28288K, reserved 1075200K
  class space    used 3325K, capacity 3433K, committed 3456K, reserved 1048576K
}
Event: 4.458 GC heap before
{Heap before GC invocations=9 (full 0):
 garbage-first heap   total 51200K, used 35898K [0x00000000c9200000, 0x0000000100000000)
  region size 1024K, 26 young (26624K), 1 survivors (1024K)
 Metaspace       used 30941K, capacity 31374K, committed 31616K, reserved 1077248K
  class space    used 3750K, capacity 3905K, committed 3968K, reserved 1048576K
}
Event: 4.463 GC heap after
{Heap after GC invocations=10 (full 0):
 garbage-first heap   total 51200K, used 12689K [0x00000000c9200000, 0x0000000100000000)
  region size 1024K, 2 young (2048K), 2 survivors (2048K)
 Metaspace       used 30941K, capacity 31374K, committed 31616K, reserved 1077248K
  class space    used 3750K, capacity 3905K, committed 3968K, reserved 1048576K
}
Event: 5.635 GC heap before
{Heap before GC invocations=10 (full 0):
 garbage-first heap   total 51200K, used 38289K [0x00000000c9200000, 0x0000000100000000)
  region size 1024K, 27 young (27648K), 2 survivors (2048K)
 Metaspace       used 34870K, capacity 35337K, committed 35584K, reserved 1081344K
  class space    used 4328K, capacity 4509K, committed 4608K, reserved 1048576K
}
Event: 5.649 GC heap after
{Heap after GC invocations=11 (full 0):
 garbage-first heap   total 51200K, used 14726K [0x00000000c9200000, 0x0000000100000000)
  region size 1024K, 4 young (4096K), 4 survivors (4096K)
 Metaspace       used 34870K, capacity 35337K, committed 35584K, reserved 1081344K
  class space    used 4328K, capacity 4509K, committed 4608K, reserved 1048576K
}
Event: 6.325 GC heap before
{Heap before GC invocations=11 (full 0):
 garbage-first heap   total 51200K, used 37254K [0x00000000c9200000, 0x0000000100000000)
  region size 1024K, 27 young (27648K), 4 survivors (4096K)
 Metaspace       used 37829K, capacity 38238K, committed 38400K, reserved 1083392K
  class space    used 4682K, capacity 4835K, committed 4864K, reserved 1048576K
}
Event: 6.343 GC heap after
{Heap after GC invocations=12 (full 0):
 garbage-first heap   total 51200K, used 16598K [0x00000000c9200000, 0x0000000100000000)
  region size 1024K, 2 young (2048K), 2 survivors (2048K)
 Metaspace       used 37829K, capacity 38238K, committed 38400K, reserved 1083392K
  class space    used 4682K, capacity 4835K, committed 4864K, reserved 1048576K
}
Event: 6.355 GC heap before
{Heap before GC invocations=12 (full 0):
 garbage-first heap   total 51200K, used 38102K [0x00000000c9200000, 0x0000000100000000)
  region size 1024K, 24 young (24576K), 2 survivors (2048K)
 Metaspace       used 37829K, capacity 38238K, committed 38400K, reserved 1083392K
  class space    used 4682K, capacity 4835K, committed 4864K, reserved 1048576K
}
Event: 6.361 GC heap after
{Heap after GC invocations=13 (full 0):
 garbage-first heap   total 61440K, used 16577K [0x00000000c9200000, 0x0000000100000000)
  region size 1024K, 1 young (1024K), 1 survivors (1024K)
 Metaspace       used 37829K, capacity 38238K, committed 38400K, reserved 1083392K
  class space    used 4682K, capacity 4835K, committed 4864K, reserved 1048576K
}
Event: 7.211 GC heap before
{Heap before GC invocations=13 (full 0):
 garbage-first heap   total 61440K, used 46273K [0x00000000c9200000, 0x0000000100000000)
  region size 1024K, 31 young (31744K), 1 survivors (1024K)
 Metaspace       used 41665K, capacity 42151K, committed 42368K, reserved 1085440K
  class space    used 5229K, capacity 5414K, committed 5504K, reserved 1048576K
}
Event: 7.215 GC heap after
{Heap after GC invocations=14 (full 0):
 garbage-first heap   total 61440K, used 17725K [0x00000000c9200000, 0x0000000100000000)
  region size 1024K, 2 young (2048K), 2 survivors (2048K)
 Metaspace       used 41665K, capacity 42151K, committed 42368K, reserved 1085440K
  class space    used 5229K, capacity 5414K, committed 5504K, reserved 1048576K
}
Event: 7.647 GC heap before
{Heap before GC invocations=14 (full 0):
 garbage-first heap   total 61440K, used 27965K [0x00000000c9200000, 0x0000000100000000)
  region size 1024K, 13 young (13312K), 2 survivors (2048K)
 Metaspace       used 44637K, capacity 45104K, committed 45228K, reserved 1089536K
  class space    used 5699K, capacity 5864K, committed 5888K, reserved 1048576K
}
Event: 7.652 GC heap after
{Heap after GC invocations=15 (full 0):
 garbage-first heap   total 61440K, used 18612K [0x00000000c9200000, 0x0000000100000000)
  region size 1024K, 3 young (3072K), 3 survivors (3072K)
 Metaspace       used 44637K, capacity 45104K, committed 45228K, reserved 1089536K
  class space    used 5699K, capacity 5864K, committed 5888K, reserved 1048576K
}
Event: 7.904 GC heap before
{Heap before GC invocations=16 (full 0):
 garbage-first heap   total 61440K, used 23732K [0x00000000c9200000, 0x0000000100000000)
  region size 1024K, 10 young (10240K), 3 survivors (3072K)
 Metaspace       used 46048K, capacity 46448K, committed 46584K, reserved 1095680K
  class space    used 5865K, capacity 5992K, committed 6016K, reserved 1048576K
}
Event: 7.909 GC heap after
{Heap after GC invocations=17 (full 0):
 garbage-first heap   total 61440K, used 19746K [0x00000000c9200000, 0x0000000100000000)
  region size 1024K, 4 young (4096K), 4 survivors (4096K)
 Metaspace       used 46048K, capacity 46448K, committed 46584K, reserved 1095680K
  class space    used 5865K, capacity 5992K, committed 6016K, reserved 1048576K
}

